app/build/intermediates/manifest_merge_blame_file/debug/manifest-merger-blame-debug-report.txt
1<?xml version="1.0" encoding="utf-8"?>
2<manifest xmlns:android="http://schemas.android.com/apk/res/android"
3    package="com.shuttleclone.userapp"
4    android:versionCode="1"
5    android:versionName="1.3" >
6
7    <uses-sdk
8        android:minSdkVersion="21"
8-->src\main\AndroidManifest.xml
9        android:targetSdkVersion="33" />
9-->src\main\AndroidManifest.xml
10
11    <uses-feature
11-->src\main\AndroidManifest.xml:6:5-8:36
12        android:name="android.hardware.telephony"
12-->src\main\AndroidManifest.xml:7:9-50
13        android:required="false" />
13-->src\main\AndroidManifest.xml:8:9-33
14
15    <uses-permission android:name="android.permission.ACCESS_FINE_LOCATION" />
15-->src\main\AndroidManifest.xml:10:5-79
15-->src\main\AndroidManifest.xml:10:22-76
16    <uses-permission android:name="android.permission.ACCESS_COARSE_LOCATION" />
16-->src\main\AndroidManifest.xml:11:5-80
16-->src\main\AndroidManifest.xml:11:22-78
17    <uses-permission android:name="android.permission.ACCESS_NETWORK_STATE" />
17-->src\main\AndroidManifest.xml:12:5-79
17-->src\main\AndroidManifest.xml:12:22-76
18    <uses-permission android:name="android.permission.INTERNET" />
18-->src\main\AndroidManifest.xml:13:5-67
18-->src\main\AndroidManifest.xml:13:22-64
19    <uses-permission android:name="android.permission.READ_EXTERNAL_STORAGE" />
19-->src\main\AndroidManifest.xml:14:5-80
19-->src\main\AndroidManifest.xml:14:22-77
20    <uses-permission android:name="android.permission.WRITE_EXTERNAL_STORAGE" />
20-->src\main\AndroidManifest.xml:15:5-81
20-->src\main\AndroidManifest.xml:15:22-78
21    <uses-permission android:name="android.permission.VIBRATE" />
21-->src\main\AndroidManifest.xml:16:5-66
21-->src\main\AndroidManifest.xml:16:22-63
22    <uses-permission android:name="android.permission.CALL_PHONE" />
22-->src\main\AndroidManifest.xml:17:5-68
22-->src\main\AndroidManifest.xml:17:22-66
23    <uses-permission android:name="android.permission.POST_NOTIFICATIONS" />
23-->src\main\AndroidManifest.xml:18:5-76
23-->src\main\AndroidManifest.xml:18:22-74
24    <uses-permission android:name="android.permission.READ_MEDIA_IMAGES" />
24-->src\main\AndroidManifest.xml:19:5-75
24-->src\main\AndroidManifest.xml:19:22-73
25    <uses-permission android:name="android.permission.ACCESS_WIFI_STATE" />
25-->[com.google.android.libraries.places:places:3.1.0] AndroidManifest.xml:11:5-76
25-->[com.google.android.libraries.places:places:3.1.0] AndroidManifest.xml:11:22-73
26
27    <queries>
27-->[com.razorpay:checkout:1.6.30] AndroidManifest.xml:10:5-39:15
28        <intent>
28-->[com.razorpay:checkout:1.6.30] AndroidManifest.xml:11:9-17:18
29            <action android:name="android.intent.action.VIEW" />
29-->src\main\AndroidManifest.xml:214:17-69
29-->src\main\AndroidManifest.xml:214:25-66
30
31            <data
31-->src\main\AndroidManifest.xml:219:17-221:46
32                android:mimeType="*/*"
33                android:scheme="*" />
33-->src\main\AndroidManifest.xml:221:21-43
34        </intent>
35        <intent>
35-->[com.razorpay:checkout:1.6.30] AndroidManifest.xml:18:9-27:18
36            <action android:name="android.intent.action.VIEW" />
36-->src\main\AndroidManifest.xml:214:17-69
36-->src\main\AndroidManifest.xml:214:25-66
37
38            <category android:name="android.intent.category.BROWSABLE" />
38-->src\main\AndroidManifest.xml:217:17-78
38-->src\main\AndroidManifest.xml:217:27-75
39
40            <data
40-->src\main\AndroidManifest.xml:219:17-221:46
41                android:host="pay"
41-->src\main\AndroidManifest.xml:220:21-55
42                android:mimeType="*/*"
43                android:scheme="upi" />
43-->src\main\AndroidManifest.xml:221:21-43
44        </intent>
45        <intent>
45-->[com.razorpay:checkout:1.6.30] AndroidManifest.xml:28:9-30:18
46            <action android:name="android.intent.action.MAIN" />
46-->src\main\AndroidManifest.xml:197:17-69
46-->src\main\AndroidManifest.xml:197:25-66
47        </intent>
48        <intent>
48-->[com.razorpay:checkout:1.6.30] AndroidManifest.xml:31:9-35:18
49            <action android:name="android.intent.action.SEND" />
49-->[com.razorpay:checkout:1.6.30] AndroidManifest.xml:32:13-65
49-->[com.razorpay:checkout:1.6.30] AndroidManifest.xml:32:21-62
50
51            <data android:mimeType="*/*" />
51-->src\main\AndroidManifest.xml:219:17-221:46
52        </intent>
53        <intent>
53-->[com.razorpay:checkout:1.6.30] AndroidManifest.xml:36:9-38:18
54            <action android:name="rzp.device_token.share" />
54-->[com.razorpay:checkout:1.6.30] AndroidManifest.xml:37:13-61
54-->[com.razorpay:checkout:1.6.30] AndroidManifest.xml:37:21-58
55        </intent>
56        <!-- Needs to be explicitly declared on Android R+ -->
57        <package android:name="com.google.android.apps.maps" />
57-->[com.google.android.gms:play-services-maps:18.1.0] AndroidManifest.xml:33:9-64
57-->[com.google.android.gms:play-services-maps:18.1.0] AndroidManifest.xml:33:18-61
58        <package android:name="com.facebook.katana" />
58-->[com.facebook.android:facebook-common:16.0.1] AndroidManifest.xml:18:9-55
58-->[com.facebook.android:facebook-common:16.0.1] AndroidManifest.xml:18:18-52
59    </queries>
60
61    <uses-feature
61-->[com.google.android.gms:play-services-maps:18.1.0] AndroidManifest.xml:26:5-28:35
62        android:glEsVersion="0x00020000"
62-->[com.google.android.gms:play-services-maps:18.1.0] AndroidManifest.xml:27:9-41
63        android:required="true" />
63-->[com.google.android.gms:play-services-maps:18.1.0] AndroidManifest.xml:28:9-32
64
65    <uses-permission android:name="android.permission.ACCESS_MEDIA_LOCATION" />
65-->[com.github.afreakyelf:Pdf-Viewer:v1.0.7] AndroidManifest.xml:14:5-80
65-->[com.github.afreakyelf:Pdf-Viewer:v1.0.7] AndroidManifest.xml:14:22-77
66    <uses-permission android:name="android.permission.READ_PHONE_STATE" />
66-->[com.github.afreakyelf:Pdf-Viewer:v1.0.7] AndroidManifest.xml:16:5-75
66-->[com.github.afreakyelf:Pdf-Viewer:v1.0.7] AndroidManifest.xml:16:22-72
67    <uses-permission android:name="android.permission.WAKE_LOCK" /> <!-- Required by older versions of Google Play services to create IID tokens -->
67-->[com.google.firebase:firebase-messaging:23.3.1] AndroidManifest.xml:24:5-68
67-->[com.google.firebase:firebase-messaging:23.3.1] AndroidManifest.xml:24:22-65
68    <uses-permission android:name="com.google.android.c2dm.permission.RECEIVE" />
68-->[com.google.firebase:firebase-messaging:23.3.1] AndroidManifest.xml:26:5-82
68-->[com.google.firebase:firebase-messaging:23.3.1] AndroidManifest.xml:26:22-79
69    <uses-permission android:name="com.google.android.gms.permission.AD_ID" />
69-->[com.google.android.gms:play-services-measurement-api:21.5.0] AndroidManifest.xml:25:5-79
69-->[com.google.android.gms:play-services-measurement-api:21.5.0] AndroidManifest.xml:25:22-76
70    <uses-permission android:name="android.permission.ACCESS_ADSERVICES_ATTRIBUTION" />
70-->[com.google.android.gms:play-services-measurement-api:21.5.0] AndroidManifest.xml:26:5-88
70-->[com.google.android.gms:play-services-measurement-api:21.5.0] AndroidManifest.xml:26:22-85
71    <uses-permission android:name="android.permission.ACCESS_ADSERVICES_AD_ID" />
71-->[com.google.android.gms:play-services-measurement-api:21.5.0] AndroidManifest.xml:27:5-82
71-->[com.google.android.gms:play-services-measurement-api:21.5.0] AndroidManifest.xml:27:22-79
72    <uses-permission android:name="android.permission.RECEIVE_BOOT_COMPLETED" />
72-->[androidx.work:work-runtime:2.8.1] AndroidManifest.xml:25:5-81
72-->[androidx.work:work-runtime:2.8.1] AndroidManifest.xml:25:22-78
73    <uses-permission android:name="android.permission.FOREGROUND_SERVICE" />
73-->[androidx.work:work-runtime:2.8.1] AndroidManifest.xml:26:5-77
73-->[androidx.work:work-runtime:2.8.1] AndroidManifest.xml:26:22-74
74    <uses-permission android:name="com.google.android.finsky.permission.BIND_GET_INSTALL_REFERRER_SERVICE" />
74-->[com.google.android.gms:play-services-measurement:21.5.0] AndroidManifest.xml:26:5-110
74-->[com.google.android.gms:play-services-measurement:21.5.0] AndroidManifest.xml:26:22-107
75
76    <permission
76-->[androidx.core:core:1.10.0] AndroidManifest.xml:22:5-24:47
77        android:name="com.shuttleclone.userapp.DYNAMIC_RECEIVER_NOT_EXPORTED_PERMISSION"
77-->[androidx.core:core:1.10.0] AndroidManifest.xml:23:9-81
78        android:protectionLevel="signature" />
78-->[androidx.core:core:1.10.0] AndroidManifest.xml:24:9-44
79
80    <uses-permission android:name="com.shuttleclone.userapp.DYNAMIC_RECEIVER_NOT_EXPORTED_PERMISSION" />
80-->[androidx.core:core:1.10.0] AndroidManifest.xml:26:5-97
80-->[androidx.core:core:1.10.0] AndroidManifest.xml:26:22-94
81
82    <application
82-->src\main\AndroidManifest.xml:21:5-274:19
83        android:allowBackup="false"
83-->src\main\AndroidManifest.xml:22:9-36
84        android:appComponentFactory="androidx.core.app.CoreComponentFactory"
84-->[androidx.core:core:1.10.0] AndroidManifest.xml:28:18-86
85        android:debuggable="true"
86        android:fitsSystemWindows="true"
86-->src\main\AndroidManifest.xml:23:9-41
87        android:fullBackupContent="false"
87-->src\main\AndroidManifest.xml:28:9-42
88        android:hardwareAccelerated="true"
88-->src\main\AndroidManifest.xml:29:9-43
89        android:icon="@drawable/ic_app_logo"
89-->src\main\AndroidManifest.xml:24:9-45
90        android:label="@string/app_name"
90-->src\main\AndroidManifest.xml:25:9-41
91        android:largeHeap="true"
91-->src\main\AndroidManifest.xml:30:9-33
92        android:networkSecurityConfig="@xml/network_security_config"
92-->src\main\AndroidManifest.xml:26:9-69
93        android:requestLegacyExternalStorage="true"
93-->[com.github.afreakyelf:Pdf-Viewer:v1.0.7] AndroidManifest.xml:18:18-61
94        android:roundIcon="@drawable/ic_app_round_logo"
94-->src\main\AndroidManifest.xml:27:9-56
95        android:supportsRtl="true"
95-->src\main\AndroidManifest.xml:31:9-35
96        android:testOnly="true"
97        android:theme="@style/AppTheme"
97-->src\main\AndroidManifest.xml:32:9-40
98        android:usesCleartextTraffic="true"
98-->src\main\AndroidManifest.xml:33:9-44
99        android:windowSoftInputMode="adjustResize" >
99-->src\main\AndroidManifest.xml:34:9-51
100        <meta-data
100-->src\main\AndroidManifest.xml:38:9-40:37
101            android:name="firebase_crashlytics_collection_enabled"
101-->src\main\AndroidManifest.xml:39:13-67
102            android:value="false" />
102-->src\main\AndroidManifest.xml:40:13-34
103        <meta-data
103-->src\main\AndroidManifest.xml:41:9-43:36
104            android:name="firebase_performance_logcat_enabled"
104-->src\main\AndroidManifest.xml:42:13-63
105            android:value="true" />
105-->src\main\AndroidManifest.xml:43:13-33
106
107        <activity
107-->src\main\AndroidManifest.xml:45:9-48:69
108            android:name="com.shuttleclone.userapp.ui.activity.ViewInvoiceActivity"
108-->src\main\AndroidManifest.xml:46:13-84
109            android:screenOrientation="portrait"
109-->src\main\AndroidManifest.xml:47:13-49
110            android:windowSoftInputMode="stateHidden|adjustResize" />
110-->src\main\AndroidManifest.xml:48:13-67
111        <activity
111-->src\main\AndroidManifest.xml:49:9-52:69
112            android:name="com.shuttleclone.userapp.ui.activity.AppNotificationsActivity"
112-->src\main\AndroidManifest.xml:50:13-89
113            android:screenOrientation="portrait"
113-->src\main\AndroidManifest.xml:51:13-49
114            android:windowSoftInputMode="stateHidden|adjustResize" />
114-->src\main\AndroidManifest.xml:52:13-67
115        <activity
115-->src\main\AndroidManifest.xml:53:9-56:69
116            android:name="com.shuttleclone.userapp.ui.activity.WebViewPayment"
116-->src\main\AndroidManifest.xml:54:13-79
117            android:screenOrientation="portrait"
117-->src\main\AndroidManifest.xml:55:13-49
118            android:windowSoftInputMode="stateHidden|adjustResize" />
118-->src\main\AndroidManifest.xml:56:13-67
119        <activity
119-->src\main\AndroidManifest.xml:57:9-60:69
120            android:name="com.shuttleclone.userapp.ui.activity.BookedPassDetailsActivity"
120-->src\main\AndroidManifest.xml:58:13-90
121            android:screenOrientation="portrait"
121-->src\main\AndroidManifest.xml:59:13-49
122            android:windowSoftInputMode="stateHidden|adjustResize" />
122-->src\main\AndroidManifest.xml:60:13-67
123        <activity
123-->src\main\AndroidManifest.xml:61:9-64:69
124            android:name="com.shuttleclone.userapp.ui.activity.BookingHistoryActivity"
124-->src\main\AndroidManifest.xml:62:13-87
125            android:screenOrientation="portrait"
125-->src\main\AndroidManifest.xml:63:13-49
126            android:windowSoftInputMode="stateHidden|adjustResize" />
126-->src\main\AndroidManifest.xml:64:13-67
127        <activity
127-->src\main\AndroidManifest.xml:65:9-69:70
128            android:name="com.shuttleclone.userapp.ui.activity.SuggestRouteActivity"
128-->src\main\AndroidManifest.xml:66:13-85
129            android:exported="false"
129-->src\main\AndroidManifest.xml:67:13-37
130            android:screenOrientation="portrait"
130-->src\main\AndroidManifest.xml:68:13-49
131            android:windowSoftInputMode="stateHidden|adjustResize" />
131-->src\main\AndroidManifest.xml:69:13-67
132        <activity
132-->src\main\AndroidManifest.xml:70:9-73:70
133            android:name="com.shuttleclone.userapp.ui.activity.ExploreActivity"
133-->src\main\AndroidManifest.xml:71:13-80
134            android:screenOrientation="portrait"
134-->src\main\AndroidManifest.xml:72:13-49
135            android:windowSoftInputMode="stateHidden|adjustResize" />
135-->src\main\AndroidManifest.xml:73:13-67
136        <activity
136-->src\main\AndroidManifest.xml:74:9-77:70
137            android:name="com.shuttleclone.userapp.ui.activity.TrackRoutesActivity"
137-->src\main\AndroidManifest.xml:75:13-84
138            android:screenOrientation="portrait"
138-->src\main\AndroidManifest.xml:76:13-49
139            android:windowSoftInputMode="stateHidden|adjustResize" />
139-->src\main\AndroidManifest.xml:77:13-67
140        <activity
140-->src\main\AndroidManifest.xml:78:9-81:70
141            android:name="com.shuttleclone.userapp.ui.activity.InitialActivity"
141-->src\main\AndroidManifest.xml:79:13-80
142            android:screenOrientation="portrait"
142-->src\main\AndroidManifest.xml:80:13-49
143            android:windowSoftInputMode="stateHidden|adjustResize" />
143-->src\main\AndroidManifest.xml:81:13-67
144        <activity
144-->src\main\AndroidManifest.xml:82:9-85:70
145            android:name="com.shuttleclone.userapp.ui.activity.PassDetailsActivity"
145-->src\main\AndroidManifest.xml:83:13-84
146            android:screenOrientation="portrait"
146-->src\main\AndroidManifest.xml:84:13-49
147            android:windowSoftInputMode="stateHidden|adjustResize" />
147-->src\main\AndroidManifest.xml:85:13-67
148        <activity
148-->src\main\AndroidManifest.xml:86:9-89:70
149            android:name="com.shuttleclone.userapp.ui.activity.PassActivity"
149-->src\main\AndroidManifest.xml:87:13-77
150            android:screenOrientation="portrait"
150-->src\main\AndroidManifest.xml:88:13-49
151            android:windowSoftInputMode="stateHidden|adjustResize" />
151-->src\main\AndroidManifest.xml:89:13-67
152
153        <meta-data
153-->src\main\AndroidManifest.xml:91:9-93:55
154            android:name="com.google.android.geo.API_KEY"
154-->src\main\AndroidManifest.xml:92:13-58
155            android:value="@string/google_maps_key" />
155-->src\main\AndroidManifest.xml:93:13-52
156
157        <service
157-->src\main\AndroidManifest.xml:95:9-100:19
158            android:name="com.shuttleclone.userapp.fcmService.MyFirebaseMessagingService"
158-->src\main\AndroidManifest.xml:95:18-95
159            android:exported="false" >
159-->src\main\AndroidManifest.xml:96:13-37
160            <intent-filter>
160-->src\main\AndroidManifest.xml:97:13-99:29
161                <action android:name="com.google.firebase.MESSAGING_EVENT" />
161-->src\main\AndroidManifest.xml:98:17-78
161-->src\main\AndroidManifest.xml:98:25-75
162            </intent-filter>
163        </service>
164
165        <receiver
165-->src\main\AndroidManifest.xml:102:9-105:40
166            android:name="com.shuttleclone.userapp.utils.broadCastReceivers.SmsBroadcastReceiver"
166-->src\main\AndroidManifest.xml:103:13-98
167            android:enabled="true"
167-->src\main\AndroidManifest.xml:104:13-35
168            android:exported="false" />
168-->src\main\AndroidManifest.xml:105:13-37
169
170        <uses-library
170-->src\main\AndroidManifest.xml:107:9-109:40
171            android:name="org.apache.http.legacy"
171-->src\main\AndroidManifest.xml:108:13-50
172            android:required="false" />
172-->src\main\AndroidManifest.xml:109:13-37
173
174        <activity
174-->src\main\AndroidManifest.xml:111:9-114:70
175            android:name="com.shuttleclone.userapp.ui.intro.IntroActivity"
175-->src\main\AndroidManifest.xml:112:13-75
176            android:screenOrientation="portrait"
176-->src\main\AndroidManifest.xml:113:13-49
177            android:windowSoftInputMode="stateHidden|adjustResize" />
177-->src\main\AndroidManifest.xml:114:13-67
178        <activity
178-->src\main\AndroidManifest.xml:115:9-118:70
179            android:name="com.shuttleclone.userapp.ui.activity.ConfirmPaymentActivity"
179-->src\main\AndroidManifest.xml:116:13-87
180            android:screenOrientation="portrait"
180-->src\main\AndroidManifest.xml:117:13-49
181            android:windowSoftInputMode="stateHidden|adjustResize" />
181-->src\main\AndroidManifest.xml:118:13-67
182        <activity
182-->src\main\AndroidManifest.xml:119:9-122:70
183            android:name="com.shuttleclone.userapp.ui.activity.PermissionActivity"
183-->src\main\AndroidManifest.xml:120:13-83
184            android:screenOrientation="portrait"
184-->src\main\AndroidManifest.xml:121:13-49
185            android:windowSoftInputMode="stateHidden|adjustResize" />
185-->src\main\AndroidManifest.xml:122:13-67
186        <activity
186-->src\main\AndroidManifest.xml:123:9-126:70
187            android:name="com.shuttleclone.userapp.ui.activity.BusRoutesActivity"
187-->src\main\AndroidManifest.xml:124:13-82
188            android:screenOrientation="portrait"
188-->src\main\AndroidManifest.xml:125:13-49
189            android:windowSoftInputMode="stateHidden|adjustResize" />
189-->src\main\AndroidManifest.xml:126:13-67
190        <activity
190-->src\main\AndroidManifest.xml:127:9-130:70
191            android:name="com.shuttleclone.userapp.ui.activity.SetReminderActivity"
191-->src\main\AndroidManifest.xml:128:13-84
192            android:screenOrientation="portrait"
192-->src\main\AndroidManifest.xml:129:13-49
193            android:windowSoftInputMode="stateHidden|adjustResize" />
193-->src\main\AndroidManifest.xml:130:13-67
194        <activity
194-->src\main\AndroidManifest.xml:131:9-134:70
195            android:name="com.shuttleclone.userapp.ui.activity.SettingActivity"
195-->src\main\AndroidManifest.xml:132:13-80
196            android:screenOrientation="portrait"
196-->src\main\AndroidManifest.xml:133:13-49
197            android:windowSoftInputMode="stateHidden|adjustResize" />
197-->src\main\AndroidManifest.xml:134:13-67
198        <activity
198-->src\main\AndroidManifest.xml:135:9-138:70
199            android:name="com.shuttleclone.userapp.ui.activity.PackageActivity"
199-->src\main\AndroidManifest.xml:136:13-80
200            android:screenOrientation="portrait"
200-->src\main\AndroidManifest.xml:137:13-49
201            android:windowSoftInputMode="stateHidden|adjustResize" />
201-->src\main\AndroidManifest.xml:138:13-67
202        <activity
202-->src\main\AndroidManifest.xml:139:9-142:70
203            android:name="com.shuttleclone.userapp.ui.activity.OffersActivity"
203-->src\main\AndroidManifest.xml:140:13-79
204            android:screenOrientation="portrait"
204-->src\main\AndroidManifest.xml:141:13-49
205            android:windowSoftInputMode="stateHidden|adjustResize" />
205-->src\main\AndroidManifest.xml:142:13-67
206        <activity
206-->src\main\AndroidManifest.xml:143:9-146:70
207            android:name="com.shuttleclone.userapp.ui.activity.TransactionHistoryActivity"
207-->src\main\AndroidManifest.xml:144:13-91
208            android:screenOrientation="portrait"
208-->src\main\AndroidManifest.xml:145:13-49
209            android:windowSoftInputMode="stateHidden|adjustResize" />
209-->src\main\AndroidManifest.xml:146:13-67
210        <activity
210-->src\main\AndroidManifest.xml:147:9-150:70
211            android:name="com.shuttleclone.userapp.ui.activity.CardDetailActivity"
211-->src\main\AndroidManifest.xml:148:13-83
212            android:screenOrientation="portrait"
212-->src\main\AndroidManifest.xml:149:13-49
213            android:windowSoftInputMode="stateHidden|adjustResize" />
213-->src\main\AndroidManifest.xml:150:13-67
214        <activity
214-->src\main\AndroidManifest.xml:151:9-154:70
215            android:name="com.shuttleclone.userapp.ui.activity.PaymentActivity"
215-->src\main\AndroidManifest.xml:152:13-80
216            android:screenOrientation="portrait"
216-->src\main\AndroidManifest.xml:153:13-49
217            android:windowSoftInputMode="stateHidden|adjustResize" />
217-->src\main\AndroidManifest.xml:154:13-67
218        <activity
218-->src\main\AndroidManifest.xml:155:9-158:70
219            android:name="com.shuttleclone.userapp.ui.activity.PassengerDetailActivity"
219-->src\main\AndroidManifest.xml:156:13-88
220            android:screenOrientation="portrait"
220-->src\main\AndroidManifest.xml:157:13-49
221            android:windowSoftInputMode="stateHidden|adjustResize" />
221-->src\main\AndroidManifest.xml:158:13-67
222        <activity
222-->src\main\AndroidManifest.xml:159:9-162:70
223            android:name="com.shuttleclone.userapp.ui.activity.DroppingPointActivity"
223-->src\main\AndroidManifest.xml:160:13-86
224            android:screenOrientation="portrait"
224-->src\main\AndroidManifest.xml:161:13-49
225            android:windowSoftInputMode="stateHidden|adjustResize" />
225-->src\main\AndroidManifest.xml:162:13-67
226        <activity
226-->src\main\AndroidManifest.xml:163:9-166:70
227            android:name="com.shuttleclone.userapp.ui.activity.VerificationActivity"
227-->src\main\AndroidManifest.xml:164:13-85
228            android:screenOrientation="portrait"
228-->src\main\AndroidManifest.xml:165:13-49
229            android:windowSoftInputMode="adjustResize|stateHidden" />
229-->src\main\AndroidManifest.xml:166:13-67
230        <activity
230-->src\main\AndroidManifest.xml:167:9-178:20
231            android:name="com.shuttleclone.userapp.ui.activity.BookingActivity"
231-->src\main\AndroidManifest.xml:168:13-80
232            android:screenOrientation="portrait" >
232-->src\main\AndroidManifest.xml:169:13-49
233
234            <!--
235            <intent-filter>
236                <action android:name="android.intent.action.MAIN" />
237
238                <category android:name="android.intent.category.LAUNCHER" />
239            </intent-filter>
240            -->
241        </activity>
242        <activity
242-->src\main\AndroidManifest.xml:179:9-182:70
243            android:name="com.shuttleclone.userapp.ui.activity.SignInActivity"
243-->src\main\AndroidManifest.xml:180:13-79
244            android:screenOrientation="portrait"
244-->src\main\AndroidManifest.xml:181:13-49
245            android:windowSoftInputMode="adjustResize|stateHidden" />
245-->src\main\AndroidManifest.xml:182:13-67
246        <activity
246-->src\main\AndroidManifest.xml:183:9-187:70
247            android:name="com.shuttleclone.userapp.ui.activity.DashboardActivity"
247-->src\main\AndroidManifest.xml:184:13-82
248            android:launchMode="singleTask"
248-->src\main\AndroidManifest.xml:185:13-44
249            android:screenOrientation="portrait"
249-->src\main\AndroidManifest.xml:186:13-49
250            android:windowSoftInputMode="stateHidden|adjustResize" />
250-->src\main\AndroidManifest.xml:187:13-67
251        <activity
251-->src\main\AndroidManifest.xml:188:9-191:55
252            android:name="com.shuttleclone.userapp.ui.activity.SelectionActivity"
252-->src\main\AndroidManifest.xml:189:13-82
253            android:screenOrientation="portrait"
253-->src\main\AndroidManifest.xml:190:13-49
254            android:windowSoftInputMode="adjustPan" />
254-->src\main\AndroidManifest.xml:191:13-52
255        <activity
255-->src\main\AndroidManifest.xml:192:9-201:20
256            android:name="com.shuttleclone.userapp.ui.activity.SplashActivity"
256-->src\main\AndroidManifest.xml:193:13-79
257            android:exported="true"
257-->src\main\AndroidManifest.xml:195:13-36
258            android:screenOrientation="portrait" >
258-->src\main\AndroidManifest.xml:194:13-49
259            <intent-filter>
259-->src\main\AndroidManifest.xml:196:13-200:29
260                <action android:name="android.intent.action.MAIN" />
260-->src\main\AndroidManifest.xml:197:17-69
260-->src\main\AndroidManifest.xml:197:25-66
261
262                <category android:name="android.intent.category.LAUNCHER" />
262-->src\main\AndroidManifest.xml:199:17-77
262-->src\main\AndroidManifest.xml:199:27-74
263            </intent-filter>
264        </activity>
265        <activity
265-->src\main\AndroidManifest.xml:202:9-204:52
266            android:name="com.shuttleclone.userapp.ui.activity.NotificationActivity"
266-->src\main\AndroidManifest.xml:203:13-85
267            android:screenOrientation="portrait" />
267-->src\main\AndroidManifest.xml:204:13-49
268        <activity
268-->src\main\AndroidManifest.xml:205:9-207:52
269            android:name="com.shuttleclone.userapp.ui.activity.BusListActivity"
269-->src\main\AndroidManifest.xml:206:13-80
270            android:screenOrientation="portrait" />
270-->src\main\AndroidManifest.xml:207:13-49
271        <activity
271-->src\main\AndroidManifest.xml:208:9-223:20
272            android:name="com.shuttleclone.userapp.ui.activity.ProfileSettingsActivity"
272-->src\main\AndroidManifest.xml:209:13-88
273            android:exported="true"
273-->src\main\AndroidManifest.xml:212:13-36
274            android:screenOrientation="portrait"
274-->src\main\AndroidManifest.xml:210:13-49
275            android:windowSoftInputMode="stateHidden|adjustResize" >
275-->src\main\AndroidManifest.xml:211:13-67
276            <intent-filter>
276-->src\main\AndroidManifest.xml:213:13-222:29
277                <action android:name="android.intent.action.VIEW" />
277-->src\main\AndroidManifest.xml:214:17-69
277-->src\main\AndroidManifest.xml:214:25-66
278
279                <category android:name="android.intent.category.DEFAULT" />
279-->src\main\AndroidManifest.xml:216:17-76
279-->src\main\AndroidManifest.xml:216:27-73
280                <category android:name="android.intent.category.BROWSABLE" />
280-->src\main\AndroidManifest.xml:217:17-78
280-->src\main\AndroidManifest.xml:217:27-75
281
282                <data
282-->src\main\AndroidManifest.xml:219:17-221:46
283                    android:host="ferriuser.page.link"
283-->src\main\AndroidManifest.xml:220:21-55
284                    android:scheme="https" />
284-->src\main\AndroidManifest.xml:221:21-43
285            </intent-filter>
286        </activity>
287        <activity
287-->src\main\AndroidManifest.xml:224:9-227:70
288            android:name="com.shuttleclone.userapp.ui.activity.WalletActivity"
288-->src\main\AndroidManifest.xml:225:13-79
289            android:screenOrientation="portrait"
289-->src\main\AndroidManifest.xml:226:13-49
290            android:windowSoftInputMode="adjustResize|stateHidden" />
290-->src\main\AndroidManifest.xml:227:13-67
291        <activity
291-->src\main\AndroidManifest.xml:228:9-230:52
292            android:name="com.shuttleclone.userapp.ui.activity.CardsActivity"
292-->src\main\AndroidManifest.xml:229:13-78
293            android:screenOrientation="portrait" />
293-->src\main\AndroidManifest.xml:230:13-49
294        <activity
294-->src\main\AndroidManifest.xml:231:9-233:52
295            android:name="com.shuttleclone.userapp.ui.activity.ReferEarnActivity"
295-->src\main\AndroidManifest.xml:232:13-82
296            android:screenOrientation="portrait" />
296-->src\main\AndroidManifest.xml:233:13-49
297        <activity
297-->src\main\AndroidManifest.xml:234:9-236:52
298            android:name="com.shuttleclone.userapp.ui.activity.HelpActivity"
298-->src\main\AndroidManifest.xml:235:13-77
299            android:screenOrientation="portrait" />
299-->src\main\AndroidManifest.xml:236:13-49
300
301        <meta-data
301-->src\main\AndroidManifest.xml:238:9-240:55
302            android:name="com.facebook.sdk.ApplicationId"
302-->src\main\AndroidManifest.xml:239:13-58
303            android:value="@string/facebook_app_id" />
303-->src\main\AndroidManifest.xml:240:13-52
304
305        <activity
305-->src\main\AndroidManifest.xml:242:9-245:48
306            android:name="com.facebook.FacebookActivity"
306-->src\main\AndroidManifest.xml:243:13-57
307            android:configChanges="keyboard|keyboardHidden|screenLayout|screenSize|orientation"
307-->src\main\AndroidManifest.xml:244:13-96
308            android:label="@string/app_name"
308-->src\main\AndroidManifest.xml:245:13-45
309            android:theme="@style/com_facebook_activity_theme" />
309-->[com.facebook.android:facebook-common:16.0.1] AndroidManifest.xml:25:13-63
310        <activity
310-->src\main\AndroidManifest.xml:246:9-257:20
311            android:name="com.facebook.CustomTabActivity"
311-->src\main\AndroidManifest.xml:247:13-58
312            android:exported="true" >
312-->src\main\AndroidManifest.xml:248:13-36
313            <intent-filter>